2022-07-05 11:22:08 705 [debug]: --------------------------------------------
2022-07-05 11:22:08 709 [debug]: |           Start Express Server           |
2022-07-05 11:22:08 711 [debug]: --------------------------------------------
2022-07-05 11:22:08 712 [debug]: server address => http://221.154.247.73:3001
2022-07-05 11:22:08 714 [debug]: --------------------------------------------
2022-07-05 11:22:31 037 [debug]: 클라이언트가 접속했습니다.
2022-07-05 11:22:31 038 [debug]: [client] ::ffff:127.0.0.1 / unknown / insomnia / (2022.4.2) / unknown
2022-07-05 11:22:31 039 [debug]: [POST] http://localhost:3001/upload/multiple
2022-07-05 11:22:31 116 [debug]: 클라이언트의 접속이 종료되었습니다. ::: [runtime] 78ms
2022-07-05 11:22:31 120 [debug]: --------------------------------------------------------
2022-07-05 11:22:40 813 [debug]: 클라이언트가 접속했습니다.
2022-07-05 11:22:40 815 [debug]: [client] ::ffff:127.0.0.1 / unknown / insomnia / (2022.4.2) / unknown
2022-07-05 11:22:40 816 [debug]: [GET] http://localhost:3001/session
2022-07-05 11:22:40 823 [debug]: [session]cookie=[object Object]
2022-07-05 11:22:40 828 [debug]: 클라이언트의 접속이 종료되었습니다. ::: [runtime] 13ms
2022-07-05 11:22:40 829 [debug]: --------------------------------------------------------
2022-07-05 11:22:44 847 [debug]: 클라이언트가 접속했습니다.
2022-07-05 11:22:44 847 [debug]: [client] ::ffff:127.0.0.1 / unknown / insomnia / (2022.4.2) / unknown
2022-07-05 11:22:44 848 [debug]: [DELETE] http://localhost:3001/session
2022-07-05 11:22:44 850 [debug]: 클라이언트의 접속이 종료되었습니다. ::: [runtime] 3ms
2022-07-05 11:22:44 850 [debug]: --------------------------------------------------------
2022-07-05 11:22:47 336 [debug]: 클라이언트가 접속했습니다.
2022-07-05 11:22:47 336 [debug]: [client] ::ffff:127.0.0.1 / unknown / insomnia / (2022.4.2) / unknown
2022-07-05 11:22:47 337 [debug]: [POST] http://localhost:3001/session
2022-07-05 11:22:47 359 [debug]: 클라이언트의 접속이 종료되었습니다. ::: [runtime] 23ms
2022-07-05 11:22:47 361 [debug]: --------------------------------------------------------
2022-07-05 11:22:48 841 [debug]: 클라이언트가 접속했습니다.
2022-07-05 11:22:48 842 [debug]: [client] ::ffff:127.0.0.1 / unknown / insomnia / (2022.4.2) / unknown
2022-07-05 11:22:48 842 [debug]: [GET] http://localhost:3001/session
2022-07-05 11:22:48 844 [debug]: [session]cookie=[object Object]
2022-07-05 11:22:48 845 [debug]: [session]username=세션테스트
2022-07-05 11:22:48 846 [debug]: [session]nickname=session test
2022-07-05 11:22:48 848 [debug]: 클라이언트의 접속이 종료되었습니다. ::: [runtime] 6ms
2022-07-05 11:22:48 848 [debug]: --------------------------------------------------------
2022-07-05 11:22:51 955 [debug]: 클라이언트가 접속했습니다.
2022-07-05 11:22:51 956 [debug]: [client] ::ffff:127.0.0.1 / unknown / insomnia / (2022.4.2) / unknown
2022-07-05 11:22:51 956 [debug]: [DELETE] http://localhost:3001/session
2022-07-05 11:22:51 958 [debug]: 클라이언트의 접속이 종료되었습니다. ::: [runtime] 2ms
2022-07-05 11:22:51 958 [debug]: --------------------------------------------------------
2022-07-05 11:22:54 197 [debug]: 클라이언트가 접속했습니다.
2022-07-05 11:22:54 197 [debug]: [client] ::ffff:127.0.0.1 / unknown / insomnia / (2022.4.2) / unknown
2022-07-05 11:22:54 197 [debug]: [GET] http://localhost:3001/session
2022-07-05 11:22:54 198 [debug]: [session]cookie=[object Object]
2022-07-05 11:22:54 199 [debug]: 클라이언트의 접속이 종료되었습니다. ::: [runtime] 2ms
2022-07-05 11:22:54 200 [debug]: --------------------------------------------------------
2022-07-05 11:23:00 558 [debug]: 클라이언트가 접속했습니다.
2022-07-05 11:23:00 559 [debug]: [client] ::ffff:127.0.0.1 / unknown / insomnia / (2022.4.2) / unknown
2022-07-05 11:23:00 559 [debug]: [POST] http://localhost:3001/product
2022-07-05 11:23:00 563 [debug]: 클라이언트의 접속이 종료되었습니다. ::: [runtime] 4ms
2022-07-05 11:23:00 564 [debug]: --------------------------------------------------------
2022-07-05 11:23:03 525 [debug]: 클라이언트가 접속했습니다.
2022-07-05 11:23:03 526 [debug]: [client] ::ffff:127.0.0.1 / unknown / insomnia / (2022.4.2) / unknown
2022-07-05 11:23:03 527 [debug]: [GET] http://localhost:3001/product/555
2022-07-05 11:23:03 530 [debug]: 클라이언트의 접속이 종료되었습니다. ::: [runtime] 4ms
2022-07-05 11:23:03 530 [debug]: --------------------------------------------------------
2022-07-05 11:23:06 132 [debug]: 클라이언트가 접속했습니다.
2022-07-05 11:23:06 139 [debug]: [client] ::ffff:127.0.0.1 / unknown / insomnia / (2022.4.2) / unknown
2022-07-05 11:23:06 145 [debug]: [PUT] http://localhost:3001/product/5555
2022-07-05 11:23:06 148 [debug]: 클라이언트의 접속이 종료되었습니다. ::: [runtime] 9ms
2022-07-05 11:23:06 152 [debug]: --------------------------------------------------------
2022-07-05 11:23:09 423 [debug]: 클라이언트가 접속했습니다.
2022-07-05 11:23:09 424 [debug]: [client] ::ffff:127.0.0.1 / unknown / insomnia / (2022.4.2) / unknown
2022-07-05 11:23:09 424 [debug]: [DELETE] http://localhost:3001/product/1234
2022-07-05 11:23:09 426 [debug]: 클라이언트의 접속이 종료되었습니다. ::: [runtime] 2ms
2022-07-05 11:23:09 427 [debug]: --------------------------------------------------------
2022-07-05 11:23:11 977 [debug]: 클라이언트가 접속했습니다.
2022-07-05 11:23:11 980 [debug]: [client] ::ffff:127.0.0.1 / unknown / insomnia / (2022.4.2) / unknown
2022-07-05 11:23:11 980 [debug]: [PUT] http://localhost:3001/send_put
2022-07-05 11:23:11 982 [debug]: [프론트엔드로부터 전달받음 PUT 파라미터]
2022-07-05 11:23:11 982 [debug]: 	 >>username=노드학생
2022-07-05 11:23:11 982 [debug]: 	 >>grade=4
2022-07-05 11:23:11 983 [debug]: 클라이언트의 접속이 종료되었습니다. ::: [runtime] 3ms
2022-07-05 11:23:11 983 [debug]: --------------------------------------------------------
2022-07-05 11:23:14 217 [debug]: 클라이언트가 접속했습니다.
2022-07-05 11:23:14 218 [debug]: [client] ::ffff:127.0.0.1 / unknown / insomnia / (2022.4.2) / unknown
2022-07-05 11:23:14 218 [debug]: [POST] http://localhost:3001/send_post
2022-07-05 11:23:14 220 [debug]: [프론트엔드로부터 전달받음 POST 파라미터]
2022-07-05 11:23:14 220 [debug]: 	 >>username=헬로월드
2022-07-05 11:23:14 221 [debug]: 	 >>email=helloworld@gmail.com
2022-07-05 11:23:14 222 [debug]: 클라이언트의 접속이 종료되었습니다. ::: [runtime] 4ms
2022-07-05 11:23:14 222 [debug]: --------------------------------------------------------
2022-07-05 11:23:26 667 [debug]: 클라이언트가 접속했습니다.
2022-07-05 11:23:26 668 [debug]: [client] ::ffff:127.0.0.1 / unknown / insomnia / (2022.4.2) / unknown
2022-07-05 11:23:26 668 [debug]: [DELETE] http://localhost:3001/send_delete
2022-07-05 11:23:26 670 [debug]: [프론트엔드로부터 전달받음 DELETE 파라미터]
2022-07-05 11:23:26 671 [debug]: 	 >>username=천경재
2022-07-05 11:23:26 671 [debug]: 	 >>point=80
2022-07-05 11:23:26 672 [debug]: 클라이언트의 접속이 종료되었습니다. ::: [runtime] 4ms
2022-07-05 11:23:26 673 [debug]: --------------------------------------------------------
